[2019-12-09T08:56:05.876Z] starting `/usr/local/lib/heroku/bin/heroku update --autoupdate` from /usr/local/lib/heroku/bin/run version
waiting until 2019-12-09T09:56:05.866Z to update
waiting until 2019-12-09T09:56:37.649Z to update
waiting until 2019-12-09T09:57:30.938Z to update
waiting until 2019-12-09T09:57:30.938Z to update
waiting until 2019-12-09T10:00:05.502Z to update
waiting until 2019-12-09T10:00:05.502Z to update
waiting until 2019-12-09T10:00:05.502Z to update
waiting until 2019-12-09T10:00:05.502Z to update
waiting until 2019-12-09T10:00:05.502Z to update
waiting until 2019-12-09T10:00:05.502Z to update
waiting until 2019-12-09T10:00:05.502Z to update
waiting until 2019-12-09T10:00:05.502Z to update
waiting until 2019-12-09T10:00:05.502Z to update
waiting until 2019-12-09T10:00:05.502Z to update
waiting until 2019-12-09T10:00:05.502Z to update
waiting until 2019-12-09T10:00:05.502Z to update
waiting until 2019-12-09T10:00:05.502Z to update
waiting until 2019-12-09T10:00:05.502Z to update
waiting until 2019-12-09T10:00:05.502Z to update
waiting until 2019-12-09T10:00:05.502Z to update
waiting until 2019-12-09T10:00:05.502Z to update
waiting until 2019-12-09T10:00:05.502Z to update
waiting until 2019-12-09T10:00:05.502Z to update
waiting until 2019-12-09T10:00:05.502Z to update
waiting until 2019-12-09T10:00:05.502Z to update
waiting until 2019-12-09T10:00:05.502Z to update
waiting until 2019-12-09T10:00:05.502Z to update
waiting until 2019-12-09T10:00:05.502Z to update
waiting until 2019-12-09T10:00:05.502Z to update
waiting until 2019-12-09T10:00:05.502Z to update
waiting until 2019-12-09T10:00:05.502Z to update
waiting until 2019-12-09T10:00:05.502Z to update
waiting until 2019-12-09T10:00:05.502Z to update
waiting until 2019-12-09T10:00:05.502Z to update
waiting until 2019-12-09T10:00:05.502Z to update
waiting until 2019-12-09T10:00:05.502Z to update
waiting until 2019-12-09T10:00:05.502Z to update
waiting until 2019-12-09T10:00:05.502Z to update
waiting until 2019-12-09T10:00:05.502Z to update
waiting until 2019-12-09T10:00:05.502Z to update
waiting until 2019-12-09T10:00:05.502Z to update
waiting until 2019-12-09T10:00:05.502Z to update
waiting until 2019-12-09T10:00:05.502Z to update
waiting until 2019-12-09T10:00:05.502Z to update
waiting until 2019-12-09T10:00:05.502Z to update
waiting until 2019-12-09T10:00:05.502Z to update
waiting until 2019-12-09T10:00:05.502Z to update
waiting until 2019-12-09T10:00:05.502Z to update
waiting until 2019-12-09T10:00:05.502Z to update
waiting until 2019-12-09T10:00:05.502Z to update
waiting until 2019-12-09T10:00:05.502Z to update
waiting until 2019-12-09T10:00:05.502Z to update
waiting until 2019-12-09T10:00:05.502Z to update
waiting until 2019-12-09T10:00:05.502Z to update
waiting until 2019-12-09T10:00:05.502Z to update
waiting until 2019-12-09T10:00:05.502Z to update
waiting until 2019-12-09T10:00:05.502Z to update
waiting until 2019-12-09T10:00:05.502Z to update
waiting until 2019-12-09T10:00:05.502Z to update
waiting until 2019-12-09T10:00:05.502Z to update
waiting until 2019-12-09T10:00:05.502Z to update
waiting until 2019-12-09T10:00:05.502Z to update
waiting until 2019-12-09T10:00:05.502Z to update
waiting until 2019-12-09T10:00:05.502Z to update
time to update
heroku: Updating CLI... already on latest version: 7.35.0
Updating completions...
Updating completions... done
